[2018-03-29 22:36:22] START
[2018-03-29 22:41:44] EDIT Blog/models/db.py: 8
[2018-03-29 22:42:42] CREATE blog.py: 0
[2018-03-29 22:43:24] EDIT Blog/controllers/blog.py: 25
[2018-03-29 22:43:26] EDIT Blog/controllers/blog.py: 0
[2018-03-29 22:44:03] CREATE blog/view.html: 0
[2018-03-29 22:45:54] EDIT Blog/views/blog/view.html: 21
[2018-03-29 22:45:56] EDIT Blog/views/blog/view.html: 0
[2018-03-29 22:46:53] CREATE blog/post.html: 0
[2018-03-29 22:47:40] EDIT Blog/views/blog/post.html: 0
[2018-03-29 22:48:09] CREATE blog/update.html: 0
[2018-03-29 22:49:10] EDIT Blog/views/blog/update.html: 0
[2018-03-29 22:52:28] EDIT Blog/models/db.py: 0
[2018-03-29 23:26:47] EDIT Blog/views/blog/view.html: 0
[2018-03-29 23:41:29] EDIT Blog/views/blog/view.html: 0
[2018-03-29 23:43:52] EDIT Blog/views/blog/view.html: -2
[2018-03-29 23:50:12] EDIT Blog/views/blog/view.html: 0
[2018-03-30 00:01:40] EDIT Blog/views/blog/view.html: 0
[2018-03-30 00:09:16] EDIT Blog/views/blog/view.html: 0
[2018-03-30 00:18:42] EDIT Blog/views/blog/view.html: 0
[2018-03-30 00:19:08] EDIT Blog/views/blog/view.html: -1
[2018-03-30 00:19:21] EDIT Blog/views/blog/view.html: 0
[2018-03-30 00:20:13] EDIT Blog/views/blog/view.html: 1
[2018-03-30 00:20:37] EDIT Blog/views/blog/view.html: 0
[2018-03-30 00:25:09] EDIT Blog/views/blog/view.html: 1
[2018-03-30 09:32:28] EDIT Blog/views/blog/view.html: 0
[2018-03-30 09:42:24] EDIT Blog/views/blog/view.html: -7
[2018-03-30 10:11:09] EDIT Blog/views/blog/view.html: 0
[2018-03-30 10:39:41] EDIT Blog/views/blog/view.html: 0
[2018-04-02 12:14:18] EDIT Blog/controllers/blog.py: 2
[2018-04-02 12:20:31] EDIT Blog/controllers/blog.py: 0
[2018-04-02 12:33:30] EDIT Blog/controllers/blog.py: 1
[2018-04-02 12:40:01] EDIT Blog/controllers/blog.py: 0
